Flow report for kodelaes_med_statemachine
Tue Jun 04 16:12:51 2019
Quartus II 64-Bit Version 13.0.1 Build 232 06/12/2013 Service Pack 1 SJ Web Edition


---------------------
; Table of Contents ;
---------------------
  1. Legal Notice
  2. Flow Summary
  3. Flow Settings
  4. Flow Non-Default Global Settings
  5. Flow Elapsed Time
  6. Flow OS Summary
  7. Flow Log
  8. Flow Messages
  9. Flow Suppressed Messages



----------------
; Legal Notice ;
----------------
Copyright (C) 1991-2013 Altera Corporation
Your use of Altera Corporation's design tools, logic functions 
and other software and tools, and its AMPP partner logic 
functions, and any output files from any of the foregoing 
(including device programming or simulation files), and any 
associated documentation or information are expressly subject 
to the terms and conditions of the Altera Program License 
Subscription Agreement, Altera MegaCore Function License 
Agreement, or other applicable license agreement, including, 
without limitation, that your use is for the sole purpose of 
programming logic devices manufactured by Altera and sold by 
Altera or its authorized distributors.  Please refer to the 
applicable agreement for further details.



+--------------------------------------------------------------------------------------+
; Flow Summary                                                                         ;
+------------------------------------+-------------------------------------------------+
; Flow Status                        ; Successful - Tue Jun 04 16:12:49 2019           ;
; Quartus II 64-Bit Version          ; 13.0.1 Build 232 06/12/2013 SP 1 SJ Web Edition ;
; Revision Name                      ; kodelaes_med_statemachine                       ;
; Top-level Entity Name              ; kodelaes_sm_p_a                                 ;
; Family                             ; Cyclone II                                      ;
; Device                             ; EP2C35F672C6                                    ;
; Timing Models                      ; Final                                           ;
; Total logic elements               ; 70 / 33,216 ( < 1 % )                           ;
;     Total combinational functions  ; 70 / 33,216 ( < 1 % )                           ;
;     Dedicated logic registers      ; 49 / 33,216 ( < 1 % )                           ;
; Total registers                    ; 49                                              ;
; Total pins                         ; 15 / 475 ( 3 % )                                ;
; Total virtual pins                 ; 0                                               ;
; Total memory bits                  ; 0 / 483,840 ( 0 % )                             ;
; Embedded Multiplier 9-bit elements ; 0 / 70 ( 0 % )                                  ;
; Total PLLs                         ; 0 / 4 ( 0 % )                                   ;
+------------------------------------+-------------------------------------------------+


+-----------------------------------------------+
; Flow Settings                                 ;
+-------------------+---------------------------+
; Option            ; Setting                   ;
+-------------------+---------------------------+
; Start date & time ; 06/04/2019 16:12:36       ;
; Main task         ; Compilation               ;
; Revision Name     ; kodelaes_med_statemachine ;
+-------------------+---------------------------+


+----------------------------------------------------------------------------------------------------------------------------------+
; Flow Non-Default Global Settings                                                                                                 ;
+-------------------------------------+---------------------------------+---------------------------+-----------------+------------+
; Assignment Name                     ; Value                           ; Default Value             ; Entity Name     ; Section Id ;
+-------------------------------------+---------------------------------+---------------------------+-----------------+------------+
; COMPILER_SIGNATURE_ID               ; 268925963511365.155965755615104 ; --                        ; --              ; --         ;
; MAX_CORE_JUNCTION_TEMP              ; 85                              ; --                        ; --              ; --         ;
; MIN_CORE_JUNCTION_TEMP              ; 0                               ; --                        ; --              ; --         ;
; PARTITION_COLOR                     ; 16764057                        ; --                        ; kodelaes_sm_p_a ; Top        ;
; PARTITION_FITTER_PRESERVATION_LEVEL ; PLACEMENT_AND_ROUTING           ; --                        ; kodelaes_sm_p_a ; Top        ;
; PARTITION_NETLIST_TYPE              ; SOURCE                          ; --                        ; kodelaes_sm_p_a ; Top        ;
; PROJECT_OUTPUT_DIRECTORY            ; output_files                    ; --                        ; --              ; --         ;
; TOP_LEVEL_ENTITY                    ; kodelaes_sm_p_a                 ; kodelaes_med_statemachine ; --              ; --         ;
+-------------------------------------+---------------------------------+---------------------------+-----------------+------------+


+-------------------------------------------------------------------------------------------------------------------------------+
; Flow Elapsed Time                                                                                                             ;
+---------------------------+--------------+-------------------------+---------------------+------------------------------------+
; Module Name               ; Elapsed Time ; Average Processors Used ; Peak Virtual Memory ; Total CPU Time (on all processors) ;
+---------------------------+--------------+-------------------------+---------------------+------------------------------------+
; Analysis & Synthesis      ; 00:00:02     ; 1.0                     ; 4660 MB             ; 00:00:02                           ;
; Fitter                    ; 00:00:06     ; 1.0                     ; 4892 MB             ; 00:00:05                           ;
; Assembler                 ; 00:00:02     ; 1.0                     ; 4580 MB             ; 00:00:02                           ;
; TimeQuest Timing Analyzer ; 00:00:01     ; 1.0                     ; 4571 MB             ; 00:00:01                           ;
; Total                     ; 00:00:11     ; --                      ; --                  ; 00:00:10                           ;
+---------------------------+--------------+-------------------------+---------------------+------------------------------------+


+----------------------------------------------------------------------------------------+
; Flow OS Summary                                                                        ;
+---------------------------+------------------+-----------+------------+----------------+
; Module Name               ; Machine Hostname ; OS Name   ; OS Version ; Processor type ;
+---------------------------+------------------+-----------+------------+----------------+
; Analysis & Synthesis      ; DESKTOP-JUVOIEL  ; Windows 7 ; 6.2        ; x86_64         ;
; Fitter                    ; DESKTOP-JUVOIEL  ; Windows 7 ; 6.2        ; x86_64         ;
; Assembler                 ; DESKTOP-JUVOIEL  ; Windows 7 ; 6.2        ; x86_64         ;
; TimeQuest Timing Analyzer ; DESKTOP-JUVOIEL  ; Windows 7 ; 6.2        ; x86_64         ;
+---------------------------+------------------+-----------+------------+----------------+


------------
; Flow Log ;
------------
quartus_map --read_settings_files=on --write_settings_files=off kodelaes_med_statemachine -c kodelaes_med_statemachine
quartus_fit --read_settings_files=off --write_settings_files=off kodelaes_med_statemachine -c kodelaes_med_statemachine
quartus_asm --read_settings_files=off --write_settings_files=off kodelaes_med_statemachine -c kodelaes_med_statemachine
quartus_sta kodelaes_med_statemachine -c kodelaes_med_statemachine



